{"/sessions/dazzling-adoring-thompson/mnt/pixelfoxweb-dashboard/app/api/auth/[...nextauth]/route.ts": {"path":"/sessions/dazzling-adoring-thompson/mnt/pixelfoxweb-dashboard/app/api/auth/[...nextauth]/route.ts","statementMap":{"0":{"start":{"line":53,"column":9},"end":{"line":53,"column":20}},"1":{"start":{"line":53,"column":25},"end":{"line":53,"column":36}},"2":{"start":{"line":4,"column":13},"end":{"line":4,"column":40}},"3":{"start":{"line":1,"column":38},"end":{"line":1,"column":null}},"4":{"start":{"line":2,"column":27},"end":{"line":2,"column":null}},"5":{"start":{"line":4,"column":40},"end":{"line":50,"column":null}},"6":{"start":{"line":29,"column":6},"end":{"line":33,"column":null}},"7":{"start":{"line":30,"column":8},"end":{"line":30,"column":null}},"8":{"start":{"line":31,"column":8},"end":{"line":31,"column":null}},"9":{"start":{"line":32,"column":8},"end":{"line":32,"column":null}},"10":{"start":{"line":34,"column":6},"end":{"line":34,"column":null}},"11":{"start":{"line":39,"column":6},"end":{"line":39,"column":null}},"12":{"start":{"line":40,"column":6},"end":{"line":40,"column":null}},"13":{"start":{"line":41,"column":6},"end":{"line":41,"column":null}},"14":{"start":{"line":52,"column":16},"end":{"line":52,"column":null}}},"fnMap":{"0":{"name":"(anonymous_5)","decl":{"start":{"line":28,"column":4},"end":{"line":28,"column":10}},"loc":{"start":{"line":28,"column":32},"end":{"line":35,"column":null}}},"1":{"name":"(anonymous_6)","decl":{"start":{"line":38,"column":4},"end":{"line":38,"column":10}},"loc":{"start":{"line":38,"column":36},"end":{"line":42,"column":null}}}},"branchMap":{"0":{"loc":{"start":{"line":29,"column":6},"end":{"line":33,"column":null}},"type":"if","locations":[{"start":{"line":29,"column":6},"end":{"line":33,"column":null}}]}},"s":{"0":0,"1":0,"2":11,"3":2,"4":2,"5":2,"6":0,"7":0,"8":0,"9":0,"10":0,"11":0,"12":0,"13":0,"14":2},"f":{"0":0,"1":0},"b":{"0":[0]}}
,"/sessions/dazzling-adoring-thompson/mnt/pixelfoxweb-dashboard/app/api/leads/route.ts": {"path":"/sessions/dazzling-adoring-thompson/mnt/pixelfoxweb-dashboard/app/api/leads/route.ts","statementMap":{"0":{"start":{"line":7,"column":22},"end":{"line":7,"column":null}},"1":{"start":{"line":2,"column":29},"end":{"line":2,"column":null}},"2":{"start":{"line":3,"column":33},"end":{"line":3,"column":null}},"3":{"start":{"line":4,"column":28},"end":{"line":4,"column":null}},"4":{"start":{"line":5,"column":45},"end":{"line":5,"column":null}},"5":{"start":{"line":8,"column":18},"end":{"line":8,"column":null}},"6":{"start":{"line":10,"column":2},"end":{"line":12,"column":null}},"7":{"start":{"line":11,"column":4},"end":{"line":11,"column":null}},"8":{"start":{"line":14,"column":2},"end":{"line":27,"column":null}},"9":{"start":{"line":15,"column":29},"end":{"line":18,"column":null}},"10":{"start":{"line":20,"column":4},"end":{"line":20,"column":null}},"11":{"start":{"line":22,"column":4},"end":{"line":22,"column":null}},"12":{"start":{"line":23,"column":4},"end":{"line":25,"column":null}}},"fnMap":{"0":{"name":"GET","decl":{"start":{"line":7,"column":22},"end":{"line":7,"column":null}},"loc":{"start":{"line":7,"column":22},"end":{"line":28,"column":null}}}},"branchMap":{"0":{"loc":{"start":{"line":10,"column":2},"end":{"line":12,"column":null}},"type":"if","locations":[{"start":{"line":10,"column":2},"end":{"line":12,"column":null}}]},"1":{"loc":{"start":{"line":24,"column":15},"end":{"line":24,"column":56}},"type":"binary-expr","locations":[{"start":{"line":24,"column":15},"end":{"line":24,"column":28}},{"start":{"line":24,"column":32},"end":{"line":24,"column":56}}]}},"s":{"0":4,"1":1,"2":1,"3":1,"4":1,"5":4,"6":4,"7":1,"8":3,"9":3,"10":2,"11":1,"12":1},"f":{"0":4},"b":{"0":[1],"1":[1,0]}}
,"/sessions/dazzling-adoring-thompson/mnt/pixelfoxweb-dashboard/app/api/run-leadgen/route.ts": {"path":"/sessions/dazzling-adoring-thompson/mnt/pixelfoxweb-dashboard/app/api/run-leadgen/route.ts","statementMap":{"0":{"start":{"line":8,"column":22},"end":{"line":8,"column":null}},"1":{"start":{"line":2,"column":29},"end":{"line":2,"column":null}},"2":{"start":{"line":3,"column":33},"end":{"line":3,"column":null}},"3":{"start":{"line":4,"column":28},"end":{"line":4,"column":null}},"4":{"start":{"line":5,"column":52},"end":{"line":5,"column":null}},"5":{"start":{"line":6,"column":27},"end":{"line":6,"column":null}},"6":{"start":{"line":9,"column":18},"end":{"line":9,"column":null}},"7":{"start":{"line":11,"column":2},"end":{"line":13,"column":null}},"8":{"start":{"line":12,"column":4},"end":{"line":12,"column":null}},"9":{"start":{"line":15,"column":2},"end":{"line":73,"column":null}},"10":{"start":{"line":17,"column":26},"end":{"line":17,"column":null}},"11":{"start":{"line":18,"column":26},"end":{"line":18,"column":null}},"12":{"start":{"line":18,"column":49},"end":{"line":18,"column":55}},"13":{"start":{"line":21,"column":19},"end":{"line":21,"column":null}},"14":{"start":{"line":24,"column":18},"end":{"line":24,"column":20}},"15":{"start":{"line":25,"column":18},"end":{"line":29,"column":null}},"16":{"start":{"line":31,"column":4},"end":{"line":58,"column":null}},"17":{"start":{"line":32,"column":6},"end":{"line":57,"column":null}},"18":{"start":{"line":34,"column":23},"end":{"line":40,"column":null}},"19":{"start":{"line":43,"column":22},"end":{"line":43,"column":null}},"20":{"start":{"line":44,"column":22},"end":{"line":46,"column":47}},"21":{"start":{"line":48,"column":8},"end":{"line":50,"column":null}},"22":{"start":{"line":53,"column":8},"end":{"line":53,"column":null}},"23":{"start":{"line":55,"column":8},"end":{"line":55,"column":null}},"24":{"start":{"line":56,"column":8},"end":{"line":56,"column":null}},"25":{"start":{"line":60,"column":4},"end":{"line":65,"column":null}},"26":{"start":{"line":64,"column":36},"end":{"line":64,"column":45}},"27":{"start":{"line":68,"column":4},"end":{"line":68,"column":null}},"28":{"start":{"line":69,"column":4},"end":{"line":71,"column":null}}},"fnMap":{"0":{"name":"POST","decl":{"start":{"line":8,"column":22},"end":{"line":8,"column":null}},"loc":{"start":{"line":8,"column":22},"end":{"line":74,"column":null}}},"1":{"name":"(anonymous_2)","decl":{"start":{"line":18,"column":44},"end":{"line":18,"column":49}},"loc":{"start":{"line":18,"column":49},"end":{"line":18,"column":55}}},"2":{"name":"(anonymous_3)","decl":{"start":{"line":64,"column":31},"end":{"line":64,"column":36}},"loc":{"start":{"line":64,"column":36},"end":{"line":64,"column":45}}}},"branchMap":{"0":{"loc":{"start":{"line":11,"column":2},"end":{"line":13,"column":null}},"type":"if","locations":[{"start":{"line":11,"column":2},"end":{"line":13,"column":null}}]},"1":{"loc":{"start":{"line":38,"column":17},"end":{"line":38,"column":null}},"type":"binary-expr","locations":[{"start":{"line":38,"column":17},"end":{"line":38,"column":27}},{"start":{"line":38,"column":31},"end":{"line":38,"column":null}}]},"2":{"loc":{"start":{"line":39,"column":17},"end":{"line":39,"column":null}},"type":"binary-expr","locations":[{"start":{"line":39,"column":17},"end":{"line":39,"column":27}},{"start":{"line":39,"column":31},"end":{"line":39,"column":null}}]},"3":{"loc":{"start":{"line":43,"column":22},"end":{"line":43,"column":null}},"type":"cond-expr","locations":[{"start":{"line":43,"column":53},"end":{"line":43,"column":60}},{"start":{"line":43,"column":60},"end":{"line":43,"column":null}}]},"4":{"loc":{"start":{"line":44,"column":22},"end":{"line":46,"column":47}},"type":"cond-expr","locations":[{"start":{"line":45,"column":12},"end":{"line":45,"column":36}},{"start":{"line":46,"column":12},"end":{"line":46,"column":47}}]},"5":{"loc":{"start":{"line":70,"column":15},"end":{"line":70,"column":50}},"type":"binary-expr","locations":[{"start":{"line":70,"column":15},"end":{"line":70,"column":28}},{"start":{"line":70,"column":32},"end":{"line":70,"column":50}}]}},"s":{"0":7,"1":1,"2":1,"3":1,"4":1,"5":1,"6":7,"7":7,"8":1,"9":6,"10":6,"11":6,"12":3,"13":6,"14":5,"15":5,"16":5,"17":6,"18":6,"19":5,"20":5,"21":5,"22":5,"23":1,"24":1,"25":5,"26":6,"27":1,"28":1},"f":{"0":7,"1":3,"2":6},"b":{"0":[1],"1":[6,6],"2":[6,0],"3":[3,2],"4":[3,2],"5":[1,0]}}
,"/sessions/dazzling-adoring-thompson/mnt/pixelfoxweb-dashboard/lib/leadgen.ts": {"path":"/sessions/dazzling-adoring-thompson/mnt/pixelfoxweb-dashboard/lib/leadgen.ts","statementMap":{"0":{"start":{"line":27,"column":22},"end":{"line":27,"column":null}},"1":{"start":{"line":4,"column":22},"end":{"line":4,"column":null}},"2":{"start":{"line":6,"column":15},"end":{"line":8,"column":null}},"3":{"start":{"line":32,"column":23},"end":{"line":32,"column":null}},"4":{"start":{"line":34,"column":17},"end":{"line":77,"column":2}},"5":{"start":{"line":79,"column":18},"end":{"line":83,"column":null}},"6":{"start":{"line":85,"column":18},"end":{"line":88,"column":null}},"7":{"start":{"line":86,"column":17},"end":{"line":86,"column":null}},"8":{"start":{"line":87,"column":14},"end":{"line":87,"column":29}},"9":{"start":{"line":91,"column":16},"end":{"line":91,"column":null}},"10":{"start":{"line":93,"column":32},"end":{"line":93,"column":null}},"11":{"start":{"line":94,"column":2},"end":{"line":94,"column":null}}},"fnMap":{"0":{"name":"runLeadGen","decl":{"start":{"line":27,"column":22},"end":{"line":27,"column":null}},"loc":{"start":{"line":29,"column":34},"end":{"line":95,"column":null}}},"1":{"name":"(anonymous_3)","decl":{"start":{"line":86,"column":12},"end":{"line":86,"column":17}},"loc":{"start":{"line":86,"column":17},"end":{"line":86,"column":null}}},"2":{"name":"(anonymous_4)","decl":{"start":{"line":87,"column":9},"end":{"line":87,"column":14}},"loc":{"start":{"line":87,"column":14},"end":{"line":87,"column":29}}}},"branchMap":{},"s":{"0":6,"1":1,"2":1,"3":6,"4":6,"5":6,"6":6,"7":6,"8":6,"9":6,"10":6,"11":5},"f":{"0":6,"1":6,"2":6},"b":{}}
,"/sessions/dazzling-adoring-thompson/mnt/pixelfoxweb-dashboard/lib/monday.ts": {"path":"/sessions/dazzling-adoring-thompson/mnt/pixelfoxweb-dashboard/lib/monday.ts","statementMap":{"0":{"start":{"line":120,"column":22},"end":{"line":120,"column":36}},"1":{"start":{"line":130,"column":22},"end":{"line":130,"column":33}},"2":{"start":{"line":61,"column":22},"end":{"line":61,"column":null}},"3":{"start":{"line":106,"column":22},"end":{"line":106,"column":null}},"4":{"start":{"line":4,"column":23},"end":{"line":4,"column":null}},"5":{"start":{"line":5,"column":17},"end":{"line":5,"column":50}},"6":{"start":{"line":13,"column":14},"end":{"line":22,"column":null}},"7":{"start":{"line":24,"column":34},"end":{"line":24,"column":null}},"8":{"start":{"line":26,"column":2},"end":{"line":28,"column":null}},"9":{"start":{"line":27,"column":4},"end":{"line":27,"column":null}},"10":{"start":{"line":27,"column":41},"end":{"line":27,"column":50}},"11":{"start":{"line":30,"column":2},"end":{"line":30,"column":null}},"12":{"start":{"line":62,"column":15},"end":{"line":82,"column":null}},"13":{"start":{"line":84,"column":16},"end":{"line":84,"column":47}},"14":{"start":{"line":86,"column":2},"end":{"line":103,"column":null}},"15":{"start":{"line":87,"column":16},"end":{"line":88,"column":null}},"16":{"start":{"line":88,"column":6},"end":{"line":88,"column":null}},"17":{"start":{"line":88,"column":42},"end":{"line":88,"column":56}},"18":{"start":{"line":90,"column":4},"end":{"line":102,"column":null}},"19":{"start":{"line":107,"column":16},"end":{"line":107,"column":null}},"20":{"start":{"line":109,"column":2},"end":{"line":117,"column":null}},"21":{"start":{"line":111,"column":32},"end":{"line":111,"column":57}},"22":{"start":{"line":112,"column":33},"end":{"line":112,"column":59}},"23":{"start":{"line":113,"column":33},"end":{"line":113,"column":70}},"24":{"start":{"line":114,"column":33},"end":{"line":114,"column":59}},"25":{"start":{"line":115,"column":35},"end":{"line":115,"column":63}},"26":{"start":{"line":116,"column":41},"end":{"line":116,"column":63}},"27":{"start":{"line":121,"column":2},"end":{"line":127,"column":null}},"28":{"start":{"line":131,"column":15},"end":{"line":150,"column":null}},"29":{"start":{"line":151,"column":2},"end":{"line":151,"column":null}}},"fnMap":{"0":{"name":"mondayQuery","decl":{"start":{"line":12,"column":15},"end":{"line":12,"column":30}},"loc":{"start":{"line":12,"column":59},"end":{"line":31,"column":null}}},"1":{"name":"(anonymous_6)","decl":{"start":{"line":27,"column":36},"end":{"line":27,"column":41}},"loc":{"start":{"line":27,"column":41},"end":{"line":27,"column":50}}},"2":{"name":"getLeads","decl":{"start":{"line":61,"column":22},"end":{"line":61,"column":null}},"loc":{"start":{"line":61,"column":22},"end":{"line":104,"column":null}}},"3":{"name":"(anonymous_8)","decl":{"start":{"line":86,"column":19},"end":{"line":86,"column":20}},"loc":{"start":{"line":86,"column":20},"end":{"line":103,"column":null}}},"4":{"name":"(anonymous_9)","decl":{"start":{"line":87,"column":16},"end":{"line":87,"column":17}},"loc":{"start":{"line":88,"column":6},"end":{"line":88,"column":null}}},"5":{"name":"(anonymous_10)","decl":{"start":{"line":88,"column":30},"end":{"line":88,"column":31}},"loc":{"start":{"line":88,"column":42},"end":{"line":88,"column":56}}},"6":{"name":"getPipelineSummary","decl":{"start":{"line":106,"column":22},"end":{"line":106,"column":null}},"loc":{"start":{"line":106,"column":22},"end":{"line":118,"column":null}}},"7":{"name":"(anonymous_12)","decl":{"start":{"line":111,"column":27},"end":{"line":111,"column":32}},"loc":{"start":{"line":111,"column":32},"end":{"line":111,"column":57}}},"8":{"name":"(anonymous_13)","decl":{"start":{"line":112,"column":28},"end":{"line":112,"column":33}},"loc":{"start":{"line":112,"column":33},"end":{"line":112,"column":59}}},"9":{"name":"(anonymous_14)","decl":{"start":{"line":113,"column":28},"end":{"line":113,"column":33}},"loc":{"start":{"line":113,"column":33},"end":{"line":113,"column":70}}},"10":{"name":"(anonymous_15)","decl":{"start":{"line":114,"column":28},"end":{"line":114,"column":33}},"loc":{"start":{"line":114,"column":33},"end":{"line":114,"column":59}}},"11":{"name":"(anonymous_16)","decl":{"start":{"line":115,"column":30},"end":{"line":115,"column":35}},"loc":{"start":{"line":115,"column":35},"end":{"line":115,"column":63}}},"12":{"name":"(anonymous_17)","decl":{"start":{"line":116,"column":29},"end":{"line":116,"column":30}},"loc":{"start":{"line":116,"column":41},"end":{"line":116,"column":63}}},"13":{"name":"addLeadUpdate","decl":{"start":{"line":120,"column":22},"end":{"line":120,"column":36}},"loc":{"start":{"line":120,"column":64},"end":{"line":128,"column":null}}},"14":{"name":"createLead","decl":{"start":{"line":130,"column":22},"end":{"line":130,"column":33}},"loc":{"start":{"line":130,"column":52},"end":{"line":152,"column":null}}}},"branchMap":{"0":{"loc":{"start":{"line":12,"column":45},"end":{"line":12,"column":59}},"type":"default-arg","locations":[{"start":{"line":12,"column":57},"end":{"line":12,"column":59}}]},"1":{"loc":{"start":{"line":26,"column":2},"end":{"line":28,"column":null}},"type":"if","locations":[{"start":{"line":26,"column":2},"end":{"line":28,"column":null}}]},"2":{"loc":{"start":{"line":88,"column":6},"end":{"line":88,"column":null}},"type":"binary-expr","locations":[{"start":{"line":88,"column":6},"end":{"line":88,"column":64}},{"start":{"line":88,"column":64},"end":{"line":88,"column":null}}]},"3":{"loc":{"start":{"line":98,"column":22},"end":{"line":98,"column":null}},"type":"binary-expr","locations":[{"start":{"line":98,"column":22},"end":{"line":98,"column":61}},{"start":{"line":98,"column":61},"end":{"line":98,"column":null}}]}},"s":{"0":0,"1":2,"2":2,"3":3,"4":1,"5":1,"6":7,"7":7,"8":7,"9":1,"10":1,"11":6,"12":5,"13":4,"14":4,"15":8,"16":72,"17":164,"18":8,"19":3,"20":3,"21":7,"22":7,"23":7,"24":7,"25":7,"26":7,"27":0,"28":2,"29":2},"f":{"0":7,"1":1,"2":5,"3":8,"4":72,"5":164,"6":3,"7":7,"8":7,"9":7,"10":7,"11":7,"12":7,"13":0,"14":2},"b":{"0":[7],"1":[1],"2":[72,50],"3":[8,1]}}
}
