TN:
SF:app/api/auth/[...nextauth]/route.ts
FN:28,(anonymous_5)
FN:38,(anonymous_6)
FNF:2
FNH:0
FNDA:0,(anonymous_5)
FNDA:0,(anonymous_6)
DA:1,2
DA:2,2
DA:4,11
DA:29,0
DA:30,0
DA:31,0
DA:32,0
DA:34,0
DA:39,0
DA:40,0
DA:41,0
DA:52,2
DA:53,0
LF:13
LH:4
BRDA:29,0,0,0
BRF:1
BRH:0
end_of_record
TN:
SF:app/api/leads/route.ts
FN:7,GET
FNF:1
FNH:1
FNDA:4,GET
DA:2,1
DA:3,1
DA:4,1
DA:5,1
DA:7,4
DA:8,4
DA:10,4
DA:11,1
DA:14,3
DA:15,3
DA:20,2
DA:22,1
DA:23,1
LF:13
LH:13
BRDA:10,0,0,1
BRDA:24,1,0,1
BRDA:24,1,1,0
BRF:3
BRH:2
end_of_record
TN:
SF:app/api/run-leadgen/route.ts
FN:8,POST
FN:18,(anonymous_2)
FN:64,(anonymous_3)
FNF:3
FNH:3
FNDA:7,POST
FNDA:3,(anonymous_2)
FNDA:6,(anonymous_3)
DA:2,1
DA:3,1
DA:4,1
DA:5,1
DA:6,1
DA:8,7
DA:9,7
DA:11,7
DA:12,1
DA:15,6
DA:17,6
DA:18,6
DA:21,6
DA:24,5
DA:25,5
DA:31,5
DA:32,6
DA:34,6
DA:43,5
DA:44,5
DA:48,5
DA:53,5
DA:55,1
DA:56,1
DA:60,5
DA:64,6
DA:68,1
DA:69,1
LF:28
LH:28
BRDA:11,0,0,1
BRDA:38,1,0,6
BRDA:38,1,1,6
BRDA:39,2,0,6
BRDA:39,2,1,0
BRDA:43,3,0,3
BRDA:43,3,1,2
BRDA:44,4,0,3
BRDA:44,4,1,2
BRDA:70,5,0,1
BRDA:70,5,1,0
BRF:11
BRH:9
end_of_record
TN:
SF:lib/leadgen.ts
FN:27,runLeadGen
FN:86,(anonymous_3)
FN:87,(anonymous_4)
FNF:3
FNH:3
FNDA:6,runLeadGen
FNDA:6,(anonymous_3)
FNDA:6,(anonymous_4)
DA:4,1
DA:6,1
DA:27,6
DA:32,6
DA:34,6
DA:79,6
DA:85,6
DA:86,6
DA:87,6
DA:91,6
DA:93,6
DA:94,5
LF:12
LH:12
BRF:0
BRH:0
end_of_record
TN:
SF:lib/monday.ts
FN:12,mondayQuery
FN:27,(anonymous_6)
FN:61,getLeads
FN:86,(anonymous_8)
FN:87,(anonymous_9)
FN:88,(anonymous_10)
FN:106,getPipelineSummary
FN:111,(anonymous_12)
FN:112,(anonymous_13)
FN:113,(anonymous_14)
FN:114,(anonymous_15)
FN:115,(anonymous_16)
FN:116,(anonymous_17)
FN:120,addLeadUpdate
FN:130,createLead
FNF:15
FNH:14
FNDA:7,mondayQuery
FNDA:1,(anonymous_6)
FNDA:5,getLeads
FNDA:8,(anonymous_8)
FNDA:72,(anonymous_9)
FNDA:164,(anonymous_10)
FNDA:3,getPipelineSummary
FNDA:7,(anonymous_12)
FNDA:7,(anonymous_13)
FNDA:7,(anonymous_14)
FNDA:7,(anonymous_15)
FNDA:7,(anonymous_16)
FNDA:7,(anonymous_17)
FNDA:0,addLeadUpdate
FNDA:2,createLead
DA:4,1
DA:5,1
DA:13,7
DA:24,7
DA:26,7
DA:27,1
DA:30,6
DA:61,2
DA:62,5
DA:84,4
DA:86,4
DA:87,8
DA:88,164
DA:90,8
DA:106,3
DA:107,3
DA:109,3
DA:111,7
DA:112,7
DA:113,7
DA:114,7
DA:115,7
DA:116,7
DA:120,0
DA:121,0
DA:130,2
DA:131,2
DA:151,2
LF:28
LH:26
BRDA:12,0,0,7
BRDA:26,1,0,1
BRDA:88,2,0,72
BRDA:88,2,1,50
BRDA:98,3,0,8
BRDA:98,3,1,1
BRF:6
BRH:6
end_of_record
